<?xml version="1.0" encoding="UTF-8"?>
<testng-results ignored="0" total="2" passed="2" failed="0" skipped="0">
  <reporter-output>
  </reporter-output>
  <suite started-at="2024-03-14T13:40:28 IST" name="Suite" finished-at="2024-03-14T13:41:03 IST" duration-ms="34699">
    <groups>
    </groups>
    <test started-at="2024-03-14T13:40:28 IST" name="Testchrome" finished-at="2024-03-14T13:40:46 IST" duration-ms="17807">
      <class name="testcases.TC_1TestSample">
        <test-method is-config="true" signature="setup(java.lang.String)[pri:0, instance:testcases.TC_1TestSample@6bbe85a8]" started-at="2024-03-14T13:40:28 IST" name="setup" finished-at="2024-03-14T13:40:32 IST" duration-ms="3362" status="PASS">
          <params>
            <param index="0">
              <value>
                <![CDATA[chrome]]>
              </value>
            </param>
          </params>
          <reporter-output>
          </reporter-output>
        </test-method> <!-- setup -->
        <test-method signature="logintest()[pri:0, instance:testcases.TC_1TestSample@6bbe85a8]" started-at="2024-03-14T13:40:32 IST" name="logintest" finished-at="2024-03-14T13:40:46 IST" duration-ms="14371" status="PASS">
          <reporter-output>
          </reporter-output>
        </test-method> <!-- logintest -->
        <test-method is-config="true" signature="teardown()[pri:0, instance:testcases.TC_1TestSample@6bbe85a8]" started-at="2024-03-14T13:40:46 IST" name="teardown" finished-at="2024-03-14T13:40:46 IST" duration-ms="1" status="PASS">
          <reporter-output>
          </reporter-output>
        </test-method> <!-- teardown -->
      </class> <!-- testcases.TC_1TestSample -->
    </test> <!-- Testchrome -->
    <test started-at="2024-03-14T13:40:46 IST" name="Testedge" finished-at="2024-03-14T13:41:03 IST" duration-ms="16796">
      <class name="testcases.TC_1TestSample">
        <test-method is-config="true" signature="setup(java.lang.String)[pri:0, instance:testcases.TC_1TestSample@7e057f43]" started-at="2024-03-14T13:40:46 IST" name="setup" finished-at="2024-03-14T13:40:49 IST" duration-ms="2858" status="PASS">
          <params>
            <param index="0">
              <value>
                <![CDATA[edge]]>
              </value>
            </param>
          </params>
          <reporter-output>
          </reporter-output>
        </test-method> <!-- setup -->
        <test-method signature="logintest()[pri:0, instance:testcases.TC_1TestSample@7e057f43]" started-at="2024-03-14T13:40:49 IST" name="logintest" finished-at="2024-03-14T13:41:03 IST" duration-ms="13925" status="PASS">
          <reporter-output>
          </reporter-output>
        </test-method> <!-- logintest -->
        <test-method is-config="true" signature="teardown()[pri:0, instance:testcases.TC_1TestSample@7e057f43]" started-at="2024-03-14T13:41:03 IST" name="teardown" finished-at="2024-03-14T13:41:03 IST" duration-ms="0" status="PASS">
          <reporter-output>
          </reporter-output>
        </test-method> <!-- teardown -->
      </class> <!-- testcases.TC_1TestSample -->
    </test> <!-- Testedge -->
  </suite> <!-- Suite -->
</testng-results>
